<?xml version="1.0" encoding="UTF-8"?>
<!-- Generated by org.testng.reporters.JUnitReportReporter -->
<testsuite skipped="0" hostname="FaisalKhatri" name="com.mfaisalkhatri.citests.tests.UnitTest" tests="1" failures="0" timestamp="23 Oct 2018 04:11:28 GMT" time="0.310" errors="0">
  <testcase name="test1" time="0.310" classname="com.mfaisalkhatri.citests.tests.UnitTest"/>
</testsuite> <!-- com.mfaisalkhatri.citests.tests.UnitTest -->
